Log File too long, overwriting
                --------------------------------
              nnectionpool:https://slack.com:443 "POST /api/rtm.connect HTTP/1.1" 200 260
DEBUG:root:RTM connected
INFO:root:StarterBot connected
DEBUG:urllib3.connectionpool:Starting new HTTPS connection (1): slack.com:443
DEBUG:urllib3.connectionpool:https://slack.com:443 "POST /api/auth.test HTTP/1.1" 200 129
DEBUG:root:Received SIGINT, Disconnecting, uptime = 8.26695895195 seconds
DEBUG:urllib3.connectionpool:Starting new HTTPS connection (1): slack.com:443
DEBUG:urllib3.connectionpool:https://slack.com:443 "POST /api/rtm.connect HTTP/1.1" 200 256
DEBUG:root:RTM connected
INFO:root:StarterBot connected
DEBUG:urllib3.connectionpool:Starting new HTTPS connection (1): slack.com:443
DEBUG:urllib3.connectionpool:https://slack.com:443 "POST /api/auth.test HTTP/1.1" 200 129
INFO:root:ping
INFO:root:ryanbot is active, uptime = 60.6081819534 seconds
DEBUG:urllib3.connectionpool:Starting new HTTPS connection (1): slack.com:443
DEBUG:urllib3.connectionpool:https://slack.com:443 "POST /api/chat.postMessage HTTP/1.1" 200 191
INFO:root:ping
INFO:root:ryanbot is active, uptime = 2262.12518501 seconds
DEBUG:urllib3.connectionpool:Starting new HTTPS connection (1): slack.com:443
DEBUG:urllib3.connectionpool:https://slack.com:443 "POST /api/chat.postMessage HTTP/1.1" 200 189
INFO:root:exit
INFO:root:Starterbot is Disconnecting, uptime = 77.1856639385 seconds
DEBUG:urllib3.connectionpool:Starting new HTTPS connection (1): slack.com:443
DEBUG:urllib3.connectionpool:https://slack.com:443 "POST /api/chat.postMessage HTTP/1.1" 200 163
INFO:root:exit
INFO:root:Starterbot is Disconnecting, uptime = 2278.53936791 seconds
DEBUG:urllib3.connectionpool:Starting new HTTPS connection (1): slack.com:443
DEBUG:urllib3.connectionpool:https://slack.com:443 "POST /api/chat.postMessage HTTP/1.1" 200 163
DEBUG:urllib3.connectionpool:Starting new HTTPS connection (1): slack.com:443
DEBUG:urllib3.connectionpool:https://slack.com:443 "POST /api/rtm.connect HTTP/1.1" 200 260
DEBUG:root:RTM connected
INFO:root:StarterBot connected
DEBUG:urllib3.connectionpool:Starting new HTTPS connection (1): slack.com:443
DEBUG:urllib3.connectionpool:https://slack.com:443 "POST /api/auth.test HTTP/1.1" 200 129
INFO:root:ping
INFO:root:ryanbot is active, uptime = 33.4454841614 seconds
DEBUG:urllib3.connectionpool:Starting new HTTPS connection (1): slack.com:443
DEBUG:urllib3.connectionpool:https://slack.com:443 "POST /api/chat.postMessage HTTP/1.1" 200 190
DEBUG:root:Received SIGINT, Disconnecting, uptime = 171.928735971 seconds
DEBUG:urllib3.connectionpool:Starting new HTTPS connection (1): slack.com:443
DEBUG:urllib3.connectionpool:https://slack.com:443 "POST /api/rtm.connect HTTP/1.1" 200 260
DEBUG:root:RTM connected
INFO:root:StarterBot connected
DEBUG:urllib3.connectionpool:Starting new HTTPS connection (1): slack.com:443
DEBUG:urllib3.connectionpool:https://slack.com:443 "POST /api/auth.test HTTP/1.1" 200 129
INFO:root:ping
INFO:root:ryanbot is active, uptime = 9.26100802422 seconds
DEBUG:urllib3.connectionpool:Starting new HTTPS connection (1): slack.com:443
DEBUG:urllib3.connectionpool:https://slack.com:443 "POST /api/chat.postMessage HTTP/1.1" 200 190
DEBUG:root:Received SIGINT, Disconnecting, uptime = 40.4361810684 seconds
DEBUG:urllib3.connectionpool:Starting new HTTPS connection (1): slack.com:443
DEBUG:urllib3.connectionpool:https://slack.com:443 "POST /api/rtm.connect HTTP/1.1" 200 260
DEBUG:root:RTM connected
INFO:root:StarterBot connected
DEBUG:urllib3.connectionpool:Starting new HTTPS connection (1): slack.com:443
DEBUG:urllib3.connectionpool:https://slack.com:443 "POST /api/auth.test HTTP/1.1" 200 129
INFO:root:ping
INFO:root:ryanbot is active, uptime = 6.22017407417 seconds
DEBUG:urllib3.connectionpool:Starting new HTTPS connection (1): slack.com:443
DEBUG:urllib3.connectionpool:https://slack.com:443 "POST /api/chat.postMessage HTTP/1.1" 200 189
DEBUG:root:Received SIGINT, Disconnecting, uptime = 203.998567104 seconds
DEBUG:urllib3.connectionpool:Starting new HTTPS connection (1): slack.com:443
DEBUG:urllib3.connectionpool:https://slack.com:443 "POST /api/rtm.connect HTTP/1.1" 200 257
DEBUG:root:RTM connected
INFO:root:StarterBot connected
DEBUG:urllib3.connectionpool:Starting new HTTPS connection (1): slack.com:443
DEBUG:urllib3.connectionpool:https://slack.com:443 "POST /api/auth.test HTTP/1.1" 200 129
INFO:root:exit
INFO:root:Starterbot is Disconnecting, uptime = 11.3387169838 seconds
DEBUG:urllib3.connectionpool:Starting new HTTPS connection (1): slack.com:443
DEBUG:urllib3.connectionpool:https://slack.com:443 "POST /api/chat.postMessage HTTP/1.1" 200 163
INFO:root:exit
INFO:root:exit
INFO:root:exit
INFO:root:exit
INFO:root:help
INFO:root:Here is a list of commands:
        exit
        ping
        help
        do
                   
DEBUG:urllib3.connectionpool:Starting new HTTPS connection (1): slack.com:443
DEBUG:urllib3.connectionpool:https://slack.com:443 "POST /api/chat.postMessage HTTP/1.1" 200 198
INFO:root:help
INFO:root:Here is a list of commands:
        exit
        ping
        help
        do
                   
DEBUG:urllib3.connectionpool:Starting new HTTPS connection (1): slack.com:443
DEBUG:urllib3.connectionpool:https://slack.com:443 "POST /api/chat.postMessage HTTP/1.1" 200 198
INFO:root:help
INFO:root:Here is a list of commands:
        exit
        ping
        help
        do
                   
DEBUG:urllib3.connectionpool:Starting new HTTPS connection (1): slack.com:443
DEBUG:urllib3.connectionpool:https://slack.com:443 "POST /api/chat.postMessage HTTP/1.1" 200 198
INFO:root:help
INFO:root:Here is a list of commands:
        exit
        ping
        help
        do
                   
DEBUG:urllib3.connectionpool:Starting new HTTPS connection (1): slack.com:443
DEBUG:urllib3.connectionpool:https://slack.com:443 "POST /api/chat.postMessage HTTP/1.1" 200 198
INFO:root:help
INFO:root:Here is a list of commands:
        exit
        ping
        help
        do
                   
DEBUG:urllib3.connectionpool:Starting new HTTPS connection (1): slack.com:443
DEBUG:urllib3.connectionpool:https://slack.com:443 "POST /api/chat.postMessage HTTP/1.1" 200 198
INFO:root:help
INFO:root:Here is a list of commands:
        exit
        ping
        help
        do
DEBUG:urllib3.connectionpool:Starting new HTTPS connection (1): slack.com:443
DEBUG:urllib3.connectionpool:https://slack.com:443 "POST /api/chat.postMessage HTTP/1.1" 200 194
INFO:root:help
INFO:root:Here is a list of commands:
        exit
        ping
        help
        do
DEBUG:urllib3.connectionpool:Starting new HTTPS connection (1): slack.com:443
DEBUG:urllib3.connectionpool:https://slack.com:443 "POST /api/chat.postMessage HTTP/1.1" 200 194
INFO:root:help
INFO:root:Here is a list of commands:
        exit
        ping
        help
        do
DEBUG:urllib3.connectionpool:Starting new HTTPS connection (1): slack.com:443
DEBUG:urllib3.connectionpool:https://slack.com:443 "POST /api/chat.postMessage HTTP/1.1" 200 194
INFO:root:help
INFO:root:Here is a list of commands:
        exit
        ping
        help
        do
DEBUG:urllib3.connectionpool:Starting new HTTPS connection (1): slack.com:443
DEBUG:urllib3.connectionpool:https://slack.com:443 "POST /api/chat.postMessage HTTP/1.1" 200 194
INFO:root:help
INFO:root:Here is a list of commands:
        exit
        ping
        help
        do
DEBUG:urllib3.connectionpool:Starting new HTTPS connection (1): slack.com:443
DEBUG:urllib3.connectionpool:https://slack.com:443 "POST /api/chat.postMessage HTTP/1.1" 200 194
INFO:root:help
INFO:root:Here is a list of commands:
        exit
        ping
        help
        do
DEBUG:urllib3.connectionpool:Starting new HTTPS connection (1): slack.com:443
DEBUG:urllib3.connectionpool:https://slack.com:443 "POST /api/chat.postMessage HTTP/1.1" 200 194
INFO:root:help
INFO:root:Here is a list of commands:
        exit
        ping
        help
        do
DEBUG:urllib3.connectionpool:Starting new HTTPS connection (1): slack.com:443
DEBUG:urllib3.connectionpool:https://slack.com:443 "POST /api/chat.postMessage HTTP/1.1" 200 194
INFO:root:help
INFO:root:Here is a list of commands:
        exit
        ping
        help
        do
DEBUG:urllib3.connectionpool:Starting new HTTPS connection (1): slack.com:443
DEBUG:urllib3.connectionpool:https://slack.com:443 "POST /api/chat.postMessage HTTP/1.1" 200 194
INFO:root:help
INFO:root:Here is a list of commands:
        exit
        ping
        help
        do
DEBUG:urllib3.connectionpool:Starting new HTTPS connection (1): slack.com:443
DEBUG:urllib3.connectionpool:https://slack.com:443 "POST /api/chat.postMessage HTTP/1.1" 200 194
DEBUG:urllib3.connectionpool:Starting new HTTPS connection (1): slack.com:443
DEBUG:urllib3.connectionpool:https://slack.com:443 "POST /api/rtm.connect HTTP/1.1" 200 260
DEBUG:root:RTM connected
INFO:root:StarterBot connected
DEBUG:urllib3.connectionpool:Starting new HTTPS connection (1): slack.com:443
DEBUG:urllib3.connectionpool:https://slack.com:443 "POST /api/auth.test HTTP/1.1" 200 129
INFO:root:ping
INFO:root:ryanbot is active, uptime = 28.3643288612 seconds
DEBUG:urllib3.connectionpool:Starting new HTTPS connection (1): slack.com:443
DEBUG:urllib3.connectionpool:https://slack.com:443 "POST /api/chat.postMessage HTTP/1.1" 200 190
DEBUG:root:Received SIGINT, Disconnecting, uptime = 43.5425388813 seconds
INFO:root:help
INFO:root:Here is a list of commands:
        exit
        ping
        help
        do
DEBUG:urllib3.connectionpool:Starting new HTTPS connection (1): slack.com:443
DEBUG:urllib3.connectionpool:https://slack.com:443 "POST /api/chat.postMessage HTTP/1.1" 200 195
INFO:root:help
INFO:root:Here is a list of commands:
        exit
        ping
        help
        do
DEBUG:urllib3.connectionpool:Starting new HTTPS connection (1): slack.com:443
DEBUG:urllib3.connectionpool:https://slack.com:443 "POST /api/chat.postMessage HTTP/1.1" 200 194
DEBUG:urllib3.connectionpool:Starting new HTTPS connection (1): slack.com:443
DEBUG:urllib3.connectionpool:https://slack.com:443 "POST /api/chat.postMessage HTTP/1.1" 200 164
INFO:root:help
INFO:root:Here is a list of commands:
        exit
        ping
        help
        do
DEBUG:urllib3.connectionpool:Starting new HTTPS connection (1): slack.com:443
DEBUG:urllib3.connectionpool:https://slack.com:443 "POST /api/chat.postMessage HTTP/1.1" 200 194
DEBUG:urllib3.connectionpool:Starting new HTTPS connection (1): slack.com:443
DEBUG:urllib3.connectionpool:https://slack.com:443 "POST /api/chat.postMessage HTTP/1.1" 200 164
INFO:root:help
INFO:root:Here is a list of commands:
        exit
        ping
        help
        do
DEBUG:urllib3.connectionpool:Starting new HTTPS connection (1): slack.com:443
DEBUG:urllib3.connectionpool:https://slack.com:443 "POST /api/chat.postMessage HTTP/1.1" 200 194
DEBUG:urllib3.connectionpool:Starting new HTTPS connection (1): slack.com:443
DEBUG:urllib3.connectionpool:https://slack.com:443 "POST /api/chat.postMessage HTTP/1.1" 200 165
INFO:root:help
INFO:root:Here is a list of commands:
        exit
        ping
        help
        do
DEBUG:urllib3.connectionpool:Starting new HTTPS connection (1): slack.com:443
DEBUG:urllib3.connectionpool:https://slack.com:443 "POST /api/chat.postMessage HTTP/1.1" 200 195
DEBUG:urllib3.connectionpool:Starting new HTTPS connection (1): slack.com:443
DEBUG:urllib3.connectionpool:https://slack.com:443 "POST /api/rtm.connect HTTP/1.1" 200 259
DEBUG:root:RTM connected
INFO:root:StarterBot connected
DEBUG:urllib3.connectionpool:Starting new HTTPS connection (1): slack.com:443
DEBUG:urllib3.connectionpool:https://slack.com:443 "POST /api/auth.test HTTP/1.1" 200 129
DEBUG:root:Received SIGINT, Disconnecting, uptime = 6.13309812546 seconds
DEBUG:urllib3.connectionpool:Starting new HTTPS connection (1): slack.com:443
DEBUG:urllib3.connectionpool:https://slack.com:443 "POST /api/chat.postMessage HTTP/1.1" 200 164
DEBUG:urllib3.connectionpool:Starting new HTTPS connection (1): slack.com:443
DEBUG:urllib3.connectionpool:https://slack.com:443 "POST /api/rtm.connect HTTP/1.1" 200 259
DEBUG:root:RTM connected
INFO:root:StarterBot connected
DEBUG:urllib3.connectionpool:Starting new HTTPS connection (1): slack.com:443
DEBUG:urllib3.connectionpool:https://slack.com:443 "POST /api/auth.test HTTP/1.1" 200 129
DEBUG:urllib3.connectionpool:Starting new HTTPS connection (1): slack.com:443
DEBUG:urllib3.connectionpool:https://slack.com:443 "POST /api/rtm.connect HTTP/1.1" 200 258
DEBUG:root:RTM connected
INFO:root:StarterBot connected
DEBUG:urllib3.connectionpool:Starting new HTTPS connection (1): slack.com:443
DEBUG:urllib3.connectionpool:https://slack.com:443 "POST /api/auth.test HTTP/1.1" 200 129
DEBUG:urllib3.connectionpool:Starting new HTTPS connection (1): slack.com:443
DEBUG:urllib3.connectionpool:https://slack.com:443 "POST /api/rtm.connect HTTP/1.1" 200 257
DEBUG:root:RTM connected
INFO:root:StarterBot connected
DEBUG:urllib3.connectionpool:Starting new HTTPS connection (1): slack.com:443
DEBUG:urllib3.connectionpool:https://slack.com:443 "POST /api/auth.test HTTP/1.1" 200 129
DEBUG:root:Received SIGINT, Disconnecting, uptime = 2.43595314026 seconds
DEBUG:urllib3.connectionpool:Starting new HTTPS connection (1): slack.com:443
DEBUG:urllib3.connectionpool:https://slack.com:443 "POST /api/rtm.connect HTTP/1.1" 200 259
DEBUG:root:RTM connected
INFO:root:StarterBot connected
DEBUG:urllib3.connectionpool:Starting new HTTPS connection (1): slack.com:443
DEBUG:urllib3.connectionpool:https://slack.com:443 "POST /api/auth.test HTTP/1.1" 200 129
DEBUG:root:Received SIGINT, Disconnecting, uptime = 2.37270522118 seconds
DEBUG:urllib3.connectionpool:Starting new HTTPS connection (1): slack.com:443
DEBUG:urllib3.connectionpool:https://slack.com:443 "POST /api/chat.postMessage HTTP/1.1" 200 165
INFO:root:exit
INFO:root:help
INFO:root:Here is a list of commands:
        exit
        ping
        help
        do
DEBUG:urllib3.connectionpool:Starting new HTTPS connection (1): slack.com:443
DEBUG:urllib3.connectionpool:https://slack.com:443 "POST /api/chat.postMessage HTTP/1.1" 200 194
DEBUG:urllib3.connectionpool:Starting new HTTPS connection (1): slack.com:443
DEBUG:urllib3.connectionpool:https://slack.com:443 "POST /api/chat.postMessage HTTP/1.1" 200 164
INFO:root:exit
INFO:root:Starterbot is Disconnecting
DEBUG:urllib3.connectionpool:Starting new HTTPS connection (1): slack.com:443
DEBUG:urllib3.connectionpool:https://slack.com:443 "POST /api/chat.postMessage HTTP/1.1" 200 163
INFO:root:help
INFO:root:Here is a list of commands:
        exit
        ping
        help
        do
DEBUG:urllib3.connectionpool:Starting new HTTPS connection (1): slack.com:443
DEBUG:urllib3.connectionpool:https://slack.com:443 "POST /api/chat.postMessage HTTP/1.1" 200 194
